Arguments: 
  /home/astaroverov/.nvm/versions/node/v12.13.1/bin/node /c/Program Files (x86)/Yarn/bin/yarn.js build

PATH: 
  /home/astaroverov/Projects/redux-saves/example/node_modules/.bin:/tmp/yarn--1607435360389-0.594658922326553:/home/astaroverov/Projects/redux-saves/example/node_modules/.bin:/home/astaroverov/.config/yarn/link/node_modules/.bin:/home/astaroverov/.yarn/bin:/home/astaroverov/.nvm/versions/node/v12.13.1/libexec/lib/node_modules/npm/bin/node-gyp-bin:/home/astaroverov/.nvm/versions/node/v12.13.1/lib/node_modules/npm/bin/node-gyp-bin:/home/astaroverov/.nvm/versions/node/v12.13.1/bin/node_modules/npm/bin/node-gyp-bin:/home/astaroverov/.vscode-server/bin/e5a624b788d92b8d34d1392e4c4d9789406efe8f/bin:/home/astaroverov/.nvm/versions/node/v12.13.1/bin:/usr/local/sbin:/usr/local/bin:/usr/sbin:/usr/bin:/sbin:/bin:/usr/games:/usr/local/games:/c/WINDOWS/system32:/c/WINDOWS:/c/WINDOWS/System32/Wbem:/c/WINDOWS/System32/WindowsPowerShell/v1.0/:/c/WINDOWS/System32/OpenSSH/:/c/Users/Alexandr/AppData/Roaming/nvm:/c/Program Files/nodejs:/c/Program Files (x86)/Yarn/bin/:/c/Program Files/Git/cmd:/c/Users/Alexandr/AppData/Local/Microsoft/WindowsApps:/c/Users/Alexandr/AppData/Local/Programs/Microsoft VS Code/bin:/c/Users/Alexandr/AppData/Roaming/nvm:/c/Program Files/nodejs:/c/Users/Alexandr/AppData/Local/Yarn/bin:/c/Program Files/JetBrains/WebStorm 2020.3/bin:/snap/bin

Yarn version: 
  1.21.1

Node version: 
  12.13.1

Platform: 
  linux x64

Trace: 
  Error: EIO: i/o error, write
      at writeSync (fs.js:581:3)
      at SyncWriteStream._write (internal/fs/sync_write_stream.js:22:3)
      at doWrite (_stream_writable.js:431:12)
      at writeOrBuffer (_stream_writable.js:415:5)
      at SyncWriteStream.Writable.write (_stream_writable.js:305:11)
      at ConsoleReporter._log (/c/Program Files (x86)/Yarn/lib/cli.js:92613:17)
      at ConsoleReporter.log (/c/Program Files (x86)/Yarn/lib/cli.js:92601:10)
      at ConsoleReporter.command (/c/Program Files (x86)/Yarn/lib/cli.js:92630:10)
      at /c/Program Files (x86)/Yarn/lib/cli.js:34271:16
      at Generator.next (<anonymous>)

npm manifest: 
  {
    "name": "example",
    "version": "1.0.0",
    "description": "separate package.json for example",
    "main": "dist/index.js",
    "license": "MIT",
    "scripts": {
      "server": "python3 -m http.server",
      "build": "../node_modules/.bin/esbuild index.ts --bundle --outfile=./dist/build.js '--define:process.env.NODE_ENV=\"development\"'",
      "watch": "yarn server & nodemon -e ts --watch ./ --ignore dist/ --exec yarn build"
    },
    "dependencies": {
      "@reduxjs/toolkit": "^1.5.0",
      "jss": "^10.5.0",
      "jss-plugin-nested": "^10.5.0",
      "jss-preset-default": "^10.5.0",
      "redux": "^4.0.5",
      "typescript": "^4.1.2",
      "uland": "^0.3.5"
    }
  }

yarn manifest: 
  No manifest

Lockfile: 
  # THIS IS AN AUTOGENERATED FILE. DO NOT EDIT THIS FILE DIRECTLY.
  # yarn lockfile v1
  
  
  "@babel/runtime@^7.3.1", "@babel/runtime@^7.8.3":
    version "7.12.5"
    resolved "https://registry.yarnpkg.com/@babel/runtime/-/runtime-7.12.5.tgz#410e7e487441e1b360c29be715d870d9b985882e"
    integrity sha512-plcc+hbExy3McchJCEQG3knOsuh3HH+Prx1P6cLIkET/0dLuQDEnrT+s27Axgc9bqfsmNUNHfscgMUdBpC9xfg==
    dependencies:
      regenerator-runtime "^0.13.4"
  
  "@reduxjs/toolkit@^1.5.0":
    version "1.5.0"
    resolved "https://registry.yarnpkg.com/@reduxjs/toolkit/-/toolkit-1.5.0.tgz#1025c1ccb224d1fc06d8d98a61f6717d57e6d477"
    integrity sha512-E/FUraRx+8guw9Hlg/Ja8jI/hwCrmIKed8Annt9YsZw3BQp+F24t5I5b2OWR6pkEHY4hn1BgP08FrTZFRKsdaQ==
    dependencies:
      immer "^8.0.0"
      redux "^4.0.0"
      redux-thunk "^2.3.0"
      reselect "^4.0.0"
  
  "@ungap/create-content@^0.2.0":
    version "0.2.0"
    resolved "https://registry.yarnpkg.com/@ungap/create-content/-/create-content-0.2.0.tgz#f123a7c79f391d853600abf6dba44034a8ced58e"
    integrity sha512-CvmX0Mr5PfFARDBbSef0B+SAqSeMKaHOG/twJi9nbPtp/MiNPgyBLqZndiyO3RXQ0RXy6TqwarvB6KWzTmc4MQ==
  
  "@ungap/custom-event@^0.2.0":
    version "0.2.0"
    resolved "https://registry.yarnpkg.com/@ungap/custom-event/-/custom-event-0.2.0.tgz#0d200735806ba13f2cf1e8f8522b2a812e08947e"
    integrity sha512-jovJx+4IaAL8JAzepJXDBVlS9t9mR3vKbbjcHwHCF+sN0KKCYQ2pNVAlQYiRrPqeNBl5VXU7uUDOKBg9ODB+0Q==
  
  "@ungap/weakset@^0.1.5":
    version "0.1.5"
    resolved "https://registry.yarnpkg.com/@ungap/weakset/-/weakset-0.1.5.tgz#d72b128aeb0dbd8bafac1a35194081f59250b550"
    integrity sha512-C8hEf9h8OjdiOkO4onVTRld6ssMGma9rkaXw6k97p2Hi9PRIHJHV9evEqFy2VVS+koLtTw4Bf4qFOwTGobazkA==
  
  augmentor@^2.2.0:
    version "2.2.0"
    resolved "https://registry.yarnpkg.com/augmentor/-/augmentor-2.2.0.tgz#e639e0696d88a74caed840b5ee08671bab225a27"
    integrity sha512-BEQAG1w74b794ec4FpWpu9AZZUZngKy5zGgb8OIhU2hcVhm8F5Y/VS0/3EAA+ExgtJDCTR+L2rvnjtIt2oo1xQ==
    dependencies:
      reraf "^1.1.1"
      umap "^1.0.2"
  
  css-vendor@^2.0.8:
    version "2.0.8"
    resolved "https://registry.yarnpkg.com/css-vendor/-/css-vendor-2.0.8.tgz#e47f91d3bd3117d49180a3c935e62e3d9f7f449d"
    integrity sha512-x9Aq0XTInxrkuFeHKbYC7zWY8ai7qJ04Kxd9MnvbC1uO5DagxoHQjm4JvG+vCdXOoFtCjbL2XSZfxmoYa9uQVQ==
    dependencies:
      "@babel/runtime" "^7.8.3"
      is-in-browser "^1.0.2"
  
  csstype@^3.0.2:
    version "3.0.5"
    resolved "https://registry.yarnpkg.com/csstype/-/csstype-3.0.5.tgz#7fdec6a28a67ae18647c51668a9ff95bb2fa7bb8"
    integrity sha512-uVDi8LpBUKQj6sdxNaTetL6FpeCqTjOvAQuQUa/qAqq8oOd4ivkbhgnqayl0dnPal8Tb/yB1tF+gOvCBiicaiQ==
  
  disconnected@^0.2.1:
    version "0.2.1"
    resolved "https://registry.yarnpkg.com/disconnected/-/disconnected-0.2.1.tgz#4a970bdef1d38bdee8f66322b68b17f288a0b4d3"
    integrity sha512-483TUpj4dA7Ye42xrErztbw3PKpkboPf1aB9mG4+S+RGGxFVv72hQBbS8MqN8LZLWHzfcmk2tMTRR5CoyxNglg==
  
  dom-augmentor@^2.0.8:
    version "2.0.8"
    resolved "https://registry.yarnpkg.com/dom-augmentor/-/dom-augmentor-2.0.8.tgz#0ea2fa3515dac96d605e4f52d00580c910065a0c"
    integrity sha512-k2tjSNfQFK0pvd/gQvIDN9tmpUycuuoz6Uqh/xY6O7zILo+eYcVuuwm+npnAH1saOLdEWZsQvHscQlQmn3hniw==
    dependencies:
      "@ungap/custom-event" "^0.2.0"
      "@ungap/weakset" "^0.1.5"
      augmentor "^2.2.0"
      disconnected "^0.2.1"
  
  hyphenate-style-name@^1.0.3:
    version "1.0.4"
    resolved "https://registry.yarnpkg.com/hyphenate-style-name/-/hyphenate-style-name-1.0.4.tgz#691879af8e220aea5750e8827db4ef62a54e361d"
    integrity sha512-ygGZLjmXfPHj+ZWh6LwbC37l43MhfztxetbFCoYTM2VjkIUpeHgSNn7QIyVFj7YQ1Wl9Cbw5sholVJPzWvC2MQ==
  
  immer@^8.0.0:
    version "8.0.0"
    resolved "https://registry.yarnpkg.com/immer/-/immer-8.0.0.tgz#08763549ba9dd7d5e2eb4bec504a8315bd9440c2"
    integrity sha512-jm87NNBAIG4fHwouilCHIecFXp5rMGkiFrAuhVO685UnMAlOneEAnOyzPt8OnP47TC11q/E7vpzZe0WvwepFTg==
  
  indefinite-observable@^2.0.1:
    version "2.0.1"
    resolved "https://registry.yarnpkg.com/indefinite-observable/-/indefinite-observable-2.0.1.tgz#574af29bfbc17eb5947793797bddc94c9d859400"
    integrity sha512-G8vgmork+6H9S8lUAg1gtXEj2JxIQTo0g2PbFiYOdjkziSI0F7UYBiVwhZRuixhBCNGczAls34+5HJPyZysvxQ==
    dependencies:
      symbol-observable "1.2.0"
  
  is-in-browser@^1.0.2, is-in-browser@^1.1.3:
    version "1.1.3"
    resolved "https://registry.yarnpkg.com/is-in-browser/-/is-in-browser-1.1.3.tgz#56ff4db683a078c6082eb95dad7dc62e1d04f835"
    integrity sha1-Vv9NtoOgeMYILrldrX3GLh0E+DU=
  
  "js-tokens@^3.0.0 || ^4.0.0":
    version "4.0.0"
    resolved "https://registry.yarnpkg.com/js-tokens/-/js-tokens-4.0.0.tgz#19203fb59991df98e3a287050d4647cdeaf32499"
    integrity sha512-RdJUflcE3cUzKiMqQgsCu06FPu9UdIJO0beYbPhHN4k6apgJtifcoCtT9bcxOpYBtpD2kCM6Sbzg4CausW/PKQ==
  
  jss-plugin-camel-case@10.5.0:
    version "10.5.0"
    resolved "https://registry.yarnpkg.com/jss-plugin-camel-case/-/jss-plugin-camel-case-10.5.0.tgz#4b0a9c85e65e5eb72cbfba59373686c604d88f72"
    integrity sha512-GSjPL0adGAkuoqeYiXTgO7PlIrmjv5v8lA6TTBdfxbNYpxADOdGKJgIEkffhlyuIZHlPuuiFYTwUreLUmSn7rg==
    dependencies:
      "@babel/runtime" "^7.3.1"
      hyphenate-style-name "^1.0.3"
      jss "10.5.0"
  
  jss-plugin-compose@10.5.0:
    version "10.5.0"
    resolved "https://registry.yarnpkg.com/jss-plugin-compose/-/jss-plugin-compose-10.5.0.tgz#c33fb1318570833b1020f3c1d1a64212e4aaa281"
    integrity sha512-A2NPCIq1rH83plRvNyixwKzVdxEeZU81fcc5JV1bThVWLSozis60EWzEM148+d9giyQd5yzxHbf1qwy3mGhfcQ==
    dependencies:
      "@babel/runtime" "^7.3.1"
      jss "10.5.0"
      tiny-warning "^1.0.2"
  
  jss-plugin-default-unit@10.5.0:
    version "10.5.0"
    resolved "https://registry.yarnpkg.com/jss-plugin-default-unit/-/jss-plugin-default-unit-10.5.0.tgz#e9f2e89741b0118ba15d52b4c13bda2b27262373"
    integrity sha512-rsbTtZGCMrbcb9beiDd+TwL991NGmsAgVYH0hATrYJtue9e+LH/Gn4yFD1ENwE+3JzF3A+rPnM2JuD9L/SIIWw==
    dependencies:
      "@babel/runtime" "^7.3.1"
      jss "10.5.0"
  
  jss-plugin-expand@10.5.0:
    version "10.5.0"
    resolved "https://registry.yarnpkg.com/jss-plugin-expand/-/jss-plugin-expand-10.5.0.tgz#3213c359632422434951c142029f196dc1a0298a"
    integrity sha512-YFgFKt6qBPznv5qNAG/ohIAMKq/FvHWm0MQ7LU7XgYnGIUm/0nLyNEiltIS7EJVTgvOxIuwC6y87esta9KCSrA==
    dependencies:
      "@babel/runtime" "^7.3.1"
      jss "10.5.0"
  
  jss-plugin-extend@10.5.0:
    version "10.5.0"
    resolved "https://registry.yarnpkg.com/jss-plugin-extend/-/jss-plugin-extend-10.5.0.tgz#6ad827917dec17c11835f8002e8f7a1a29370e90"
    integrity sha512-WLldG+qnrFZ1F+29jJM7MlYdiKp6kW+/zJ9RedXEts0LsN5co3THnr3m/Wnuu8MluUz49DCCRr2cDIgakmS+eQ==
    dependencies:
      "@babel/runtime" "^7.3.1"
      jss "10.5.0"
      tiny-warning "^1.0.2"
  
  jss-plugin-global@10.5.0:
    version "10.5.0"
    resolved "https://registry.yarnpkg.com/jss-plugin-global/-/jss-plugin-global-10.5.0.tgz#eb357ccd35cb4894277fb2117a78d1e498668ad6"
    integrity sha512-FZd9+JE/3D7HMefEG54fEC0XiQ9rhGtDHAT/ols24y8sKQ1D5KIw6OyXEmIdKFmACgxZV2ARQ5pAUypxkk2IFQ==
    dependencies:
      "@babel/runtime" "^7.3.1"
      jss "10.5.0"
  
  jss-plugin-nested@10.5.0, jss-plugin-nested@^10.5.0:
    version "10.5.0"
    resolved "https://registry.yarnpkg.com/jss-plugin-nested/-/jss-plugin-nested-10.5.0.tgz#790c506432a23a63c71ceb5044e2ac85f0958702"
    integrity sha512-ejPlCLNlEGgx8jmMiDk/zarsCZk+DV0YqXfddpgzbO9Toamo0HweCFuwJ3ZO40UFOfqKwfpKMVH/3HUXgxkTMg==
    dependencies:
      "@babel/runtime" "^7.3.1"
      jss "10.5.0"
      tiny-warning "^1.0.2"
  
  jss-plugin-props-sort@10.5.0:
    version "10.5.0"
    resolved "https://registry.yarnpkg.com/jss-plugin-props-sort/-/jss-plugin-props-sort-10.5.0.tgz#5bcc3bd8e68cd3e2dafb47d67db28fd5a4fcf102"
    integrity sha512-kTLRvrOetFKz5vM88FAhLNeJIxfjhCepnvq65G7xsAQ/Wgy7HwO1BS/2wE5mx8iLaAWC6Rj5h16mhMk9sKdZxg==
    dependencies:
      "@babel/runtime" "^7.3.1"
      jss "10.5.0"
  
  jss-plugin-rule-value-function@10.5.0:
    version "10.5.0"
    resolved "https://registry.yarnpkg.com/jss-plugin-rule-value-function/-/jss-plugin-rule-value-function-10.5.0.tgz#60ee8240dfe60418e1ba4729adee893cbe9be7a3"
    integrity sha512-jXINGr8BSsB13JVuK274oEtk0LoooYSJqTBCGeBu2cG/VJ3+4FPs1gwLgsq24xTgKshtZ+WEQMVL34OprLidRA==
    dependencies:
      "@babel/runtime" "^7.3.1"
      jss "10.5.0"
      tiny-warning "^1.0.2"
  
  jss-plugin-rule-value-observable@10.5.0:
    version "10.5.0"
    resolved "https://registry.yarnpkg.com/jss-plugin-rule-value-observable/-/jss-plugin-rule-value-observable-10.5.0.tgz#59d11ba49ba9af6a2f0bc4ebbbeb39663ac8ea71"
    integrity sha512-x4deslR2SjMfG+1ZbVdMyuagJi7SroS7TQZyv3T9F5jjb1T1ZN+B7zZ5GdN5SuVjxN4w2/MTpf4ldoAJt9R6fg==
    dependencies:
      "@babel/runtime" "^7.3.1"
      jss "10.5.0"
      symbol-observable "^1.2.0"
  
  jss-plugin-template@10.5.0:
    version "10.5.0"
    resolved "https://registry.yarnpkg.com/jss-plugin-template/-/jss-plugin-template-10.5.0.tgz#9e3d06affa15d26eb499d9091f70077501034c3b"
    integrity sha512-NCRPzsKicVuFSEtqRv4qqtVTdfQeM1SDONU93gXfVG+AB3PRO5GhxaeMxoe8cDDkV+Ku0zmlOOWzSnjsuEIPaQ==
    dependencies:
      "@babel/runtime" "^7.3.1"
      jss "10.5.0"
      tiny-warning "^1.0.2"
  
  jss-plugin-vendor-prefixer@10.5.0:
    version "10.5.0"
    resolved "https://registry.yarnpkg.com/jss-plugin-vendor-prefixer/-/jss-plugin-vendor-prefixer-10.5.0.tgz#01f04cfff31f43f153f5d71972f5800b10a2eb84"
    integrity sha512-rux3gmfwDdOKCLDx0IQjTwTm03IfBa+Rm/hs747cOw5Q7O3RaTUIMPKjtVfc31Xr/XI9Abz2XEupk1/oMQ7zRA==
    dependencies:
      "@babel/runtime" "^7.3.1"
      css-vendor "^2.0.8"
      jss "10.5.0"
  
  jss-preset-default@^10.5.0:
    version "10.5.0"
    resolved "https://registry.yarnpkg.com/jss-preset-default/-/jss-preset-default-10.5.0.tgz#c94086aaa03afdef7c55895279782b7f2b1b588d"
    integrity sha512-0n02VNi6r4x2MqzHrkDQdTuEMU9gR5oTKRtGlYv46IEtS9mH/wxnC4uFBN3ICGZIhuyS4lgWYDC68PAKWlNEnQ==
    dependencies:
      "@babel/runtime" "^7.3.1"
      jss "10.5.0"
      jss-plugin-camel-case "10.5.0"
      jss-plugin-compose "10.5.0"
      jss-plugin-default-unit "10.5.0"
      jss-plugin-expand "10.5.0"
      jss-plugin-extend "10.5.0"
      jss-plugin-global "10.5.0"
      jss-plugin-nested "10.5.0"
      jss-plugin-props-sort "10.5.0"
      jss-plugin-rule-value-function "10.5.0"
      jss-plugin-rule-value-observable "10.5.0"
      jss-plugin-template "10.5.0"
      jss-plugin-vendor-prefixer "10.5.0"
  
  jss@10.5.0, jss@^10.5.0:
    version "10.5.0"
    resolved "https://registry.yarnpkg.com/jss/-/jss-10.5.0.tgz#0c2de8a29874b2dc8162ab7f34ef6573a87d9dd3"
    integrity sha512-B6151NvG+thUg3murLNHRPLxTLwQ13ep4SH5brj4d8qKtogOx/jupnpfkPGSHPqvcwKJaCLctpj2lEk+5yGwMw==
    dependencies:
      "@babel/runtime" "^7.3.1"
      csstype "^3.0.2"
      indefinite-observable "^2.0.1"
      is-in-browser "^1.1.3"
      tiny-warning "^1.0.2"
  
  loose-envify@^1.4.0:
    version "1.4.0"
    resolved "https://registry.yarnpkg.com/loose-envify/-/loose-envify-1.4.0.tgz#71ee51fa7be4caec1a63839f7e682d8132d30caf"
    integrity sha512-lyuxPGr/Wfhrlem2CL/UcnUc1zcqKAImBDzukY7Y5F/yQiNdko6+fRLevlw1HgMySw7f611UIY408EtxRSoK3Q==
    dependencies:
      js-tokens "^3.0.0 || ^4.0.0"
  
  redux-thunk@^2.3.0:
    version "2.3.0"
    resolved "https://registry.yarnpkg.com/redux-thunk/-/redux-thunk-2.3.0.tgz#51c2c19a185ed5187aaa9a2d08b666d0d6467622"
    integrity sha512-km6dclyFnmcvxhAcrQV2AkZmPQjzPDjgVlQtR0EQjxZPyJ0BnMf3in1ryuR8A2qU0HldVRfxYXbFSKlI3N7Slw==
  
  redux@^4.0.0, redux@^4.0.5:
    version "4.0.5"
    resolved "https://registry.yarnpkg.com/redux/-/redux-4.0.5.tgz#4db5de5816e17891de8a80c424232d06f051d93f"
    integrity sha512-VSz1uMAH24DM6MF72vcojpYPtrTUu3ByVWfPL1nPfVRb5mZVTve5GnNCUV53QM/BZ66xfWrm0CTWoM+Xlz8V1w==
    dependencies:
      loose-envify "^1.4.0"
      symbol-observable "^1.2.0"
  
  regenerator-runtime@^0.13.4:
    version "0.13.7"
    resolved "https://registry.yarnpkg.com/regenerator-runtime/-/regenerator-runtime-0.13.7.tgz#cac2dacc8a1ea675feaabaeb8ae833898ae46f55"
    integrity sha512-a54FxoJDIr27pgf7IgeQGxmqUNYrcV338lf/6gH456HZ/PhX+5BcwHXG9ajESmwe6WRO0tAzRUrRmNONWgkrew==
  
  reraf@^1.1.1:
    version "1.1.1"
    resolved "https://registry.yarnpkg.com/reraf/-/reraf-1.1.1.tgz#c75584660edd9b6ee3c31eeb694d938f529b7042"
    integrity sha512-uwOsqdTxJAQCxqvJF4Kiz4orwO9B8OBJkGeW7/NWNirapPutgig/3xU3emruvfwUbb+t51V0zHtNw6d83RDlJQ==
  
  reselect@^4.0.0:
    version "4.0.0"
    resolved "https://registry.yarnpkg.com/reselect/-/reselect-4.0.0.tgz#f2529830e5d3d0e021408b246a206ef4ea4437f7"
    integrity sha512-qUgANli03jjAyGlnbYVAV5vvnOmJnODyABz51RdBN7M4WaVu8mecZWgyQNkG8Yqe3KRGRt0l4K4B3XVEULC4CA==
  
  symbol-observable@1.2.0, symbol-observable@^1.2.0:
    version "1.2.0"
    resolved "https://registry.yarnpkg.com/symbol-observable/-/symbol-observable-1.2.0.tgz#c22688aed4eab3cdc2dfeacbb561660560a00804"
    integrity sha512-e900nM8RRtGhlV36KGEU9k65K3mPb1WV70OdjfxlG2EAuM1noi/E/BaW/uMhL7bPEssK8QV57vN3esixjUvcXQ==
  
  tiny-warning@^1.0.2:
    version "1.0.3"
    resolved "https://registry.yarnpkg.com/tiny-warning/-/tiny-warning-1.0.3.tgz#94a30db453df4c643d0fd566060d60a875d84754"
    integrity sha512-lBN9zLN/oAf68o3zNXYrdCt1kP8WsiGW8Oo2ka41b2IM5JL/S1CTyX1rW0mb/zSuJun0ZUrDxx4sqvYS2FWzPA==
  
  typescript@^4.1.2:
    version "4.1.2"
    resolved "https://registry.yarnpkg.com/typescript/-/typescript-4.1.2.tgz#6369ef22516fe5e10304aae5a5c4862db55380e9"
    integrity sha512-thGloWsGH3SOxv1SoY7QojKi0tc+8FnOmiarEGMbd/lar7QOEd3hvlx3Fp5y6FlDUGl9L+pd4n2e+oToGMmhRQ==
  
  uarray@^1.0.0:
    version "1.0.0"
    resolved "https://registry.yarnpkg.com/uarray/-/uarray-1.0.0.tgz#e89bf0ea2129596f4bf653b66e53246ed6562b6c"
    integrity sha512-LHmiAd5QuAv7pU2vbh+Zq9YOnqVK0H764p2Ozinpfy9ka58OID4IsGLiXsitqH7n0NAIDxvax1A/kDXpii/Ckg==
  
  udomdiff@^1.1.0:
    version "1.1.0"
    resolved "https://registry.yarnpkg.com/udomdiff/-/udomdiff-1.1.0.tgz#1d0c4741b93a2ffd10728ca4cea15b277cc3082f"
    integrity sha512-aqjTs5x/wsShZBkVagdafJkP8S3UMGhkHKszsu1cszjjZ7iOp86+Qb3QOFYh01oWjPMy5ZTuxD6hw5uTKxd+VA==
  
  uhandlers@^0.3.6:
    version "0.3.6"
    resolved "https://registry.yarnpkg.com/uhandlers/-/uhandlers-0.3.6.tgz#11af355469775b4704729a4347b831e32193ca59"
    integrity sha512-0Wz12YKWdbxJWJTPEIUPXrhMAVEMmzBvuTB9O3HaOdR7vKVkaiVsyJpEZILiA8D5Li9aXPMHSs5iEVasM/j8BA==
    dependencies:
      uarray "^1.0.0"
  
  uhtml@^2.1.2:
    version "2.1.4"
    resolved "https://registry.yarnpkg.com/uhtml/-/uhtml-2.1.4.tgz#23343755da303a78db10969d59be685891dba108"
    integrity sha512-Afh4rmNrGZlZur/9XTeqfqQ+BlqFQydaYKH04Cg4oBhxNrFxsI/U+aygnanIBiul5rMng0cd1naMZred/RhyoQ==
    dependencies:
      "@ungap/create-content" "^0.2.0"
      uarray "^1.0.0"
      udomdiff "^1.1.0"
      uhandlers "^0.3.6"
      umap "^1.0.2"
      uparser "^0.2.1"
      uwire "^1.1.0"
  
  uland@^0.3.5:
    version "0.3.5"
    resolved "https://registry.yarnpkg.com/uland/-/uland-0.3.5.tgz#3147728c1fe580ff41041407f1cf5b05bdcdfc56"
    integrity sha512-+tixn3XI/yubRGEMrSi74EU4SmTO6L/5psGir2rVtrn/0mTh3bbg6gOif46V4u4G2+1a47HNaBm7synjfGQAmA==
    dependencies:
      dom-augmentor "^2.0.8"
      uhtml "^2.1.2"
      umap "^1.0.2"
  
  umap@^1.0.2:
    version "1.0.2"
    resolved "https://registry.yarnpkg.com/umap/-/umap-1.0.2.tgz#2d7d4b145ad8c9f957921460798f3e221347c981"
    integrity sha512-bW127HgG4H4VAD6qlqO5vCC+7bnlYvZ6A6BdwyGblkWvlEG7VYpj1bcpf3iJpvyKmkPZWDIeZDmoULz67ec7NA==
  
  uparser@^0.2.1:
    version "0.2.1"
    resolved "https://registry.yarnpkg.com/uparser/-/uparser-0.2.1.tgz#0251e7bca14ebeb222b79baf806784e40870ad47"
    integrity sha512-hTwK8e+bAaER8gJBOysoFGjRPsX/xOthSPR/ieI9EgTf1rts9ey25tbDXIU0rDr/cGcLsvkCo1n8J/eccfAvvw==
  
  uwire@^1.1.0:
    version "1.1.0"
    resolved "https://registry.yarnpkg.com/uwire/-/uwire-1.1.0.tgz#ae72a770a140311a0d640aebb21131a7934988ca"
    integrity sha512-XJPmJnySabt8D0/wnfFFywgUOBnXszDEW32nEVIfOx1n6gLTZSp+X+70+blSnHKNiIUVSFPmmRuxOal0I/aB5g==
    dependencies:
      uarray "^1.0.0"
